c:\courseproject\c-casino\c-casino\c-casino\x64\debug\vc143.pdb
c:\courseproject\c-casino\c-casino\c-casino\x64\debug\.netframework,version=v4.7.2.assemblyattributes.obj
c:\courseproject\c-casino\c-casino\c-casino\x64\debug\sign up.obj
c:\courseproject\c-casino\c-casino\c-casino\x64\debug\sign in.obj
c:\courseproject\c-casino\c-casino\c-casino\x64\debug\signin.obj
c:\courseproject\c-casino\c-casino\c-casino\x64\debug\signup.obj
c:\courseproject\c-casino\c-casino\c-casino\x64\debug\login.obj
c:\courseproject\c-casino\c-casino\c-casino\x64\debug\mainscreen.obj
c:\courseproject\c-casino\c-casino\x64\debug\c-casino.exe
c:\courseproject\c-casino\c-casino\x64\debug\c-casino.pdb
c:\courseproject\c-casino\c-casino\c-casino\x64\debug\wheelcontrol.obj
c:\courseproject\c-casino\c-casino\c-casino\x64\debug\c-casino.tlog\cl.command.1.tlog
c:\courseproject\c-casino\c-casino\c-casino\x64\debug\c-casino.tlog\cl.read.1.tlog
c:\courseproject\c-casino\c-casino\c-casino\x64\debug\c-casino.tlog\cl.write.1.tlog
c:\courseproject\c-casino\c-casino\c-casino\x64\debug\c-casino.tlog\link.command.1.tlog
c:\courseproject\c-casino\c-casino\c-casino\x64\debug\c-casino.tlog\link.read.1.tlog
c:\courseproject\c-casino\c-casino\c-casino\x64\debug\c-casino.tlog\link.write.1.tlog
c:\courseproject\c-casino\c-casino\c-casino\x64\debug\c-casino.tlog\metagen.read.1.tlog
c:\courseproject\c-casino\c-casino\c-casino\x64\debug\c-casino.tlog\metagen.write.1.tlog
c:\courseproject\c-casino\c-casino\c-casino\x64\debug\c-casino.tlog\resgen.command.1.tlog
c:\courseproject\c-casino\c-casino\c-casino\x64\debug\c-casino.tlog\resgen.read.1.tlog
c:\courseproject\c-casino\c-casino\c-casino\x64\debug\c-casino.tlog\resgen.write.1.tlog
